d:\vscode\code\qtapplication1\qtapplication1\x64\debug\main.obj
d:\vscode\code\qtapplication1\qtapplication1\x64\debug\clienttest.obj
d:\vscode\code\qtapplication1\qtapplication1\x64\debug\http.obj
d:\vscode\code\qtapplication1\qtapplication1\x64\debug\userbroker.obj
d:\vscode\code\qtapplication1\qtapplication1\x64\debug\cryptogram.obj
d:\vscode\code\qtapplication1\qtapplication1\x64\debug\vc143.pdb
d:\vscode\code\qtapplication1\qtapplication1\x64\debug\moc_clienttest.obj
d:\vscode\code\qtapplication1\qtapplication1\x64\debug\qrc_clienttest.obj
d:\vscode\code\qtapplication1\qtapplication1\x64\debug\moc\moc_clienttest.cpp
d:\vscode\code\qtapplication1\qtapplication1\x64\debug\uic\ui_clienttest.h
d:\vscode\code\qtapplication1\qtapplication1\x64\debug\rcc\qrc_clienttest.cpp
d:\vscode\code\qtapplication1\x64\debug\qtapplication1.pdb
d:\vscode\code\qtapplication1\qtapplication1\x64\debug\qtapplication1.tlog\cl.command.1.tlog
d:\vscode\code\qtapplication1\qtapplication1\x64\debug\qtapplication1.tlog\cl.read.1.tlog
d:\vscode\code\qtapplication1\qtapplication1\x64\debug\qtapplication1.tlog\cl.write.1.tlog
d:\vscode\code\qtapplication1\qtapplication1\x64\debug\qtapplication1.tlog\link-cvtres.read.1.tlog
d:\vscode\code\qtapplication1\qtapplication1\x64\debug\qtapplication1.tlog\link-cvtres.write.1.tlog
d:\vscode\code\qtapplication1\qtapplication1\x64\debug\qtapplication1.tlog\link-rc.read.1.tlog
d:\vscode\code\qtapplication1\qtapplication1\x64\debug\qtapplication1.tlog\link-rc.write.1.tlog
d:\vscode\code\qtapplication1\qtapplication1\x64\debug\qtapplication1.tlog\link.19852-cvtres.read.1.tlog
d:\vscode\code\qtapplication1\qtapplication1\x64\debug\qtapplication1.tlog\link.19852-cvtres.write.1.tlog
d:\vscode\code\qtapplication1\qtapplication1\x64\debug\qtapplication1.tlog\link.19852-rc.read.1.tlog
d:\vscode\code\qtapplication1\qtapplication1\x64\debug\qtapplication1.tlog\link.19852-rc.write.1.tlog
d:\vscode\code\qtapplication1\qtapplication1\x64\debug\qtapplication1.tlog\link.19852.read.1.tlog
d:\vscode\code\qtapplication1\qtapplication1\x64\debug\qtapplication1.tlog\link.19852.read.2.tlog
d:\vscode\code\qtapplication1\qtapplication1\x64\debug\qtapplication1.tlog\link.19852.write.1.tlog
d:\vscode\code\qtapplication1\qtapplication1\x64\debug\qtapplication1.tlog\link.command.1.tlog
d:\vscode\code\qtapplication1\qtapplication1\x64\debug\qtapplication1.tlog\link.read.1.tlog
d:\vscode\code\qtapplication1\qtapplication1\x64\debug\qtapplication1.tlog\link.read.2.tlog
d:\vscode\code\qtapplication1\qtapplication1\x64\debug\qtapplication1.tlog\link.write.1.tlog
d:\vscode\code\qtapplication1\qtapplication1\x64\debug\qtapplication1.tlog\moc.read.1u.tlog
d:\vscode\code\qtapplication1\qtapplication1\x64\debug\qtapplication1.tlog\moc.write.1u.tlog
d:\vscode\code\qtapplication1\qtapplication1\x64\debug\qtapplication1.tlog\qtapplication1.write.1u.tlog
d:\vscode\code\qtapplication1\qtapplication1\x64\debug\qtapplication1.tlog\rcc.read.1u.tlog
d:\vscode\code\qtapplication1\qtapplication1\x64\debug\qtapplication1.tlog\rcc.write.1u.tlog
d:\vscode\code\qtapplication1\qtapplication1\x64\debug\qtapplication1.tlog\uic.read.1u.tlog
d:\vscode\code\qtapplication1\qtapplication1\x64\debug\qtapplication1.tlog\uic.write.1u.tlog
