d:\vscode\code\qtapplication1\qtapplication1\x64\release\qrc_clienttest.obj
d:\vscode\code\qtapplication1\qtapplication1\x64\release\moc_client.obj
d:\vscode\code\qtapplication1\qtapplication1\x64\release\client.obj
d:\vscode\code\qtapplication1\qtapplication1\x64\release\http.obj
d:\vscode\code\qtapplication1\qtapplication1\x64\release\main.obj
d:\vscode\code\qtapplication1\qtapplication1\x64\release\userbroker.obj
d:\vscode\code\qtapplication1\qtapplication1\x64\release\cryptogram.obj
d:\vscode\code\qtapplication1\x64\release\qtapplication1.exe
d:\vscode\code\qtapplication1\qtapplication1\x64\release\moc\moc_client.cpp
d:\vscode\code\qtapplication1\qtapplication1\x64\release\uic\ui_client.h
d:\vscode\code\qtapplication1\qtapplication1\x64\release\rcc\qrc_clienttest.cpp
d:\vscode\code\qtapplication1\qtapplication1\x64\release\qtapplication1.tlog\cl.12488.write.1.tlog
d:\vscode\code\qtapplication1\qtapplication1\x64\release\qtapplication1.tlog\cl.command.1.tlog
d:\vscode\code\qtapplication1\qtapplication1\x64\release\qtapplication1.tlog\cl.read.1.tlog
d:\vscode\code\qtapplication1\qtapplication1\x64\release\qtapplication1.tlog\link.command.1.tlog
d:\vscode\code\qtapplication1\qtapplication1\x64\release\qtapplication1.tlog\link.read.1.tlog
d:\vscode\code\qtapplication1\qtapplication1\x64\release\qtapplication1.tlog\link.write.1.tlog
d:\vscode\code\qtapplication1\qtapplication1\x64\release\qtapplication1.tlog\moc.read.1u.tlog
d:\vscode\code\qtapplication1\qtapplication1\x64\release\qtapplication1.tlog\moc.write.1u.tlog
d:\vscode\code\qtapplication1\qtapplication1\x64\release\qtapplication1.tlog\qtapplication1.write.1u.tlog
d:\vscode\code\qtapplication1\qtapplication1\x64\release\qtapplication1.tlog\rcc.read.1u.tlog
d:\vscode\code\qtapplication1\qtapplication1\x64\release\qtapplication1.tlog\rcc.write.1u.tlog
d:\vscode\code\qtapplication1\qtapplication1\x64\release\qtapplication1.tlog\uic.read.1u.tlog
d:\vscode\code\qtapplication1\qtapplication1\x64\release\qtapplication1.tlog\uic.write.1u.tlog
